# JRE version: OpenJDK Runtime Environment Homebrew (11.0.25) (build 11.0.25+0)
# Java VM: OpenJDK 64-Bit Server VM Homebrew (11.0.25+0, mixed mode, tiered, compressed oops, g1 gc, bsd-aarch64)
Heap:
 garbage-first heap   total 262144K, used 49561K [0x0000000740800000, 0x00000007c0800000)
  region size 1024K, 22 young (22528K), 7 survivors (7168K)
 Metaspace       used 68270K, capacity 72667K, committed 72768K, reserved 1101824K
  class space    used 10165K, capacity 12587K, committed 12672K, reserved 1040384K
GC Heap History (12 events):
Event: 0.223 GC heap before
{Heap before GC invocations=0 (full 0):
 garbage-first heap   total 262144K, used 23552K [0x0000000740800000, 0x00000007c0800000)
  region size 1024K, 24 young (24576K), 0 survivors (0K)
 Metaspace       used 12438K, capacity 12875K, committed 13184K, reserved 1052672K
  class space    used 1237K, capacity 1361K, committed 1408K, reserved 1040384K
}
Event: 0.224 GC heap after
{Heap after GC invocations=1 (full 0):
 garbage-first heap   total 262144K, used 3632K [0x0000000740800000, 0x00000007c0800000)
  region size 1024K, 3 young (3072K), 3 survivors (3072K)
 Metaspace       used 12438K, capacity 12875K, committed 13184K, reserved 1052672K
  class space    used 1237K, capacity 1361K, committed 1408K, reserved 1040384K
}
Event: 0.354 GC heap before
{Heap before GC invocations=1 (full 0):
 garbage-first heap   total 262144K, used 35376K [0x0000000740800000, 0x00000007c0800000)
  region size 1024K, 35 young (35840K), 3 survivors (3072K)
 Metaspace       used 20602K, capacity 21125K, committed 21248K, reserved 1060864K
  class space    used 2287K, capacity 2438K, committed 2560K, reserved 1040384K
}
Event: 0.356 GC heap after
{Heap after GC invocations=2 (full 0):
 garbage-first heap   total 262144K, used 7466K [0x0000000740800000, 0x00000007c0800000)
  region size 1024K, 7 young (7168K), 7 survivors (7168K)
 Metaspace       used 20602K, capacity 21125K, committed 21248K, reserved 1060864K
  class space    used 2287K, capacity 2438K, committed 2560K, reserved 1040384K
}
Event: 0.484 GC heap before
{Heap before GC invocations=3 (full 0):
 garbage-first heap   total 262144K, used 51498K [0x0000000740800000, 0x00000007c0800000)
  region size 1024K, 51 young (52224K), 7 survivors (7168K)
 Metaspace       used 32710K, capacity 33810K, committed 33920K, reserved 1071104K
  class space    used 4106K, capacity 4635K, committed 4736K, reserved 1040384K
}
Event: 0.486 GC heap after
{Heap after GC invocations=4 (full 0):
 garbage-first heap   total 262144K, used 9202K [0x0000000740800000, 0x00000007c0800000)
  region size 1024K, 3 young (3072K), 3 survivors (3072K)
 Metaspace       used 32710K, capacity 33810K, committed 33920K, reserved 1071104K
  class space    used 4106K, capacity 4635K, committed 4736K, reserved 1040384K
}
Event: 0.513 GC heap before
{Heap before GC invocations=4 (full 0):
 garbage-first heap   total 262144K, used 18418K [0x0000000740800000, 0x00000007c0800000)
  region size 1024K, 14 young (14336K), 3 survivors (3072K)
 Metaspace       used 34821K, capacity 36005K, committed 36288K, reserved 1073152K
  class space    used 4441K, capacity 5030K, committed 5120K, reserved 1040384K
}
Event: 0.514 GC heap after
{Heap after GC invocations=5 (full 0):
 garbage-first heap   total 262144K, used 9382K [0x0000000740800000, 0x00000007c0800000)
  region size 1024K, 3 young (3072K), 3 survivors (3072K)
 Metaspace       used 34821K, capacity 36005K, committed 36288K, reserved 1073152K
  class space    used 4441K, capacity 5030K, committed 5120K, reserved 1040384K
}
Event: 0.719 GC heap before
{Heap before GC invocations=6 (full 0):
 garbage-first heap   total 262144K, used 93350K [0x0000000740800000, 0x00000007c0800000)
  region size 1024K, 81 young (82944K), 3 survivors (3072K)
 Metaspace       used 50073K, capacity 52730K, committed 53056K, reserved 1085440K
  class space    used 7244K, capacity 8705K, committed 8832K, reserved 1040384K
}
Event: 0.731 GC heap after
{Heap after GC invocations=7 (full 0):
 garbage-first heap   total 262144K, used 27603K [0x0000000740800000, 0x00000007c0800000)
  region size 1024K, 11 young (11264K), 11 survivors (11264K)
 Metaspace       used 50073K, capacity 52730K, committed 53056K, reserved 1085440K
  class space    used 7244K, capacity 8705K, committed 8832K, reserved 1040384K
}
Event: 1.234 GC heap before
{Heap before GC invocations=8 (full 0):
 garbage-first heap   total 262144K, used 118739K [0x0000000740800000, 0x00000007c0800000)
  region size 1024K, 101 young (103424K), 11 survivors (11264K)
 Metaspace       used 67416K, capacity 71485K, committed 71616K, reserved 1099776K
  class space    used 9972K, capacity 12284K, committed 12288K, reserved 1040384K
}
Event: 1.241 GC heap after
{Heap after GC invocations=9 (full 0):
 garbage-first heap   total 262144K, used 35225K [0x0000000740800000, 0x00000007c0800000)
  region size 1024K, 7 young (7168K), 7 survivors (7168K)
 Metaspace       used 67416K, capacity 71485K, committed 71616K, reserved 1099776K
  class space    used 9972K, capacity 12284K, committed 12288K, reserved 1040384K
}

